<?xml version="1.0" encoding="UTF-8"?>
<testng-results skipped="0" failed="0" ignored="0" total="2" passed="2">
  <reporter-output>
  </reporter-output>
  <suite name="Default suite" duration-ms="34" started-at="2021-04-27T10:25:00 EDT" finished-at="2021-04-27T10:25:00 EDT">
    <groups>
      <group name="search">
        <method signature="TestNgBasics.searchTest()[pri:1, instance:TestNgBasics@627551fb]" name="searchTest" class="TestNgBasics"/>
      </group> <!-- search -->
      <group name="title">
        <method signature="TestNgBasics.googleTitleTest()[pri:2, instance:TestNgBasics@627551fb]" name="googleTitleTest" class="TestNgBasics"/>
      </group> <!-- title -->
    </groups>
    <test name="Default test" duration-ms="34" started-at="2021-04-27T10:25:00 EDT" finished-at="2021-04-27T10:25:00 EDT">
      <class name="TestNgBasics">
        <test-method status="PASS" signature="setUp()[pri:0, instance:TestNgBasics@627551fb]" name="setUp" is-config="true" duration-ms="7" started-at="2021-04-27T10:25:00 EDT" finished-at="2021-04-27T10:25:00 EDT">
          <reporter-output>
          </reporter-output>
        </test-method> <!-- setUp -->
        <test-method status="PASS" signature="launchBrowser()[pri:0, instance:TestNgBasics@627551fb]" name="launchBrowser" is-config="true" duration-ms="1" started-at="2021-04-27T10:25:00 EDT" finished-at="2021-04-27T10:25:00 EDT">
          <reporter-output>
          </reporter-output>
        </test-method> <!-- launchBrowser -->
        <test-method status="PASS" signature="login()[pri:0, instance:TestNgBasics@627551fb]" name="login" is-config="true" duration-ms="0" started-at="2021-04-27T10:25:00 EDT" finished-at="2021-04-27T10:25:00 EDT">
          <reporter-output>
          </reporter-output>
        </test-method> <!-- login -->
        <test-method status="PASS" signature="enterUrl()[pri:0, instance:TestNgBasics@627551fb]" name="enterUrl" is-config="true" duration-ms="0" started-at="2021-04-27T10:25:00 EDT" finished-at="2021-04-27T10:25:00 EDT">
          <reporter-output>
          </reporter-output>
        </test-method> <!-- enterUrl -->
        <test-method status="PASS" signature="googleTitleTest()[pri:2, instance:TestNgBasics@627551fb]" name="googleTitleTest" duration-ms="4" started-at="2021-04-27T10:25:00 EDT" finished-at="2021-04-27T10:25:00 EDT">
          <reporter-output>
          </reporter-output>
        </test-method> <!-- googleTitleTest -->
        <test-method status="PASS" signature="ExitUrl()[pri:0, instance:TestNgBasics@627551fb]" name="ExitUrl" is-config="true" duration-ms="0" started-at="2021-04-27T10:25:00 EDT" finished-at="2021-04-27T10:25:00 EDT">
          <reporter-output>
          </reporter-output>
        </test-method> <!-- ExitUrl -->
        <test-method status="PASS" signature="enterUrl()[pri:0, instance:TestNgBasics@627551fb]" name="enterUrl" is-config="true" duration-ms="0" started-at="2021-04-27T10:25:00 EDT" finished-at="2021-04-27T10:25:00 EDT">
          <reporter-output>
          </reporter-output>
        </test-method> <!-- enterUrl -->
        <test-method status="PASS" signature="searchTest()[pri:1, instance:TestNgBasics@627551fb]" name="searchTest" duration-ms="0" started-at="2021-04-27T10:25:00 EDT" depends-on-methods="TestNgBasics.googleTitleTest" finished-at="2021-04-27T10:25:00 EDT">
          <reporter-output>
          </reporter-output>
        </test-method> <!-- searchTest -->
        <test-method status="PASS" signature="ExitUrl()[pri:0, instance:TestNgBasics@627551fb]" name="ExitUrl" is-config="true" duration-ms="0" started-at="2021-04-27T10:25:00 EDT" finished-at="2021-04-27T10:25:00 EDT">
          <reporter-output>
          </reporter-output>
        </test-method> <!-- ExitUrl -->
        <test-method status="PASS" signature="logout()[pri:0, instance:TestNgBasics@627551fb]" name="logout" is-config="true" duration-ms="0" started-at="2021-04-27T10:25:00 EDT" finished-at="2021-04-27T10:25:00 EDT">
          <reporter-output>
          </reporter-output>
        </test-method> <!-- logout -->
        <test-method status="PASS" signature="closeBrowser()[pri:0, instance:TestNgBasics@627551fb]" name="closeBrowser" is-config="true" duration-ms="1" started-at="2021-04-27T10:25:00 EDT" finished-at="2021-04-27T10:25:00 EDT">
          <reporter-output>
          </reporter-output>
        </test-method> <!-- closeBrowser -->
        <test-method status="PASS" signature="genarateReport()[pri:0, instance:TestNgBasics@627551fb]" name="genarateReport" is-config="true" duration-ms="0" started-at="2021-04-27T10:25:01 EDT" finished-at="2021-04-27T10:25:01 EDT">
          <reporter-output>
          </reporter-output>
        </test-method> <!-- genarateReport -->
      </class> <!-- TestNgBasics -->
    </test> <!-- Default test -->
  </suite> <!-- Default suite -->
</testng-results>
